================================================================================
HPLinpack 2.3  --  High-Performance Linpack benchmark  --   December 2, 2018
Written by A. Petitet and R. Clint Whaley,  Innovative Computing Laboratory, UTK
Modified by Piotr Luszczek, Innovative Computing Laboratory, UTK
Modified by Julien Langou, University of Colorado Denver
================================================================================

An explanation of the input/output parameters follows:
T/V    : Wall time / encoded variant.
N      : The order of the coefficient matrix A.
NB     : The partitioning blocking factor.
P      : The number of process rows.
Q      : The number of process columns.
Time   : Time in seconds to solve the linear system.
Gflops : Rate of execution for solving the linear system.

The following parameter values will be used:

N      :   15000 
NB     :       8       16       32       64       96      128      160      192 
             224      256      288      320 
PMAP   : Row-major process mapping
P      :       1        2        3 
Q      :      12        6        4 
PFACT  :   Crout 
NBMIN  :       4        8 
NDIV   :       2 
RFACT  :   Right 
BCAST  :   1ring 
DEPTH  :       0 
SWAP   : Mix (threshold = 64)
L1     : transposed form
U      : transposed form
EQUIL  : yes
ALIGN  : 8 double precision words

--------------------------------------------------------------------------------

- The matrix A is randomly generated for each test.
- The following scaled residual check will be computed:
      ||Ax-b||_oo / ( eps * ( || x ||_oo * || A ||_oo + || b ||_oo ) * N )
- The relative machine precision (eps) is taken to be               1.110223e-16
- Computational tests pass if scaled residuals are less than                16.0

root@pi0:/usr/local/src/hpl/hpl-2.3/bin/docker# mpiexec --allow-run-as-root --mca btl_tcp_if_include eth0 -np 12 -hostfile hosts ./xhpl
================================================================================
HPLinpack 2.3  --  High-Performance Linpack benchmark  --   December 2, 2018
Written by A. Petitet and R. Clint Whaley,  Innovative Computing Laboratory, UTK
Modified by Piotr Luszczek, Innovative Computing Laboratory, UTK
Modified by Julien Langou, University of Colorado Denver
================================================================================

An explanation of the input/output parameters follows:
T/V    : Wall time / encoded variant.
N      : The order of the coefficient matrix A.
NB     : The partitioning blocking factor.
P      : The number of process rows.
Q      : The number of process columns.
Time   : Time in seconds to solve the linear system.
Gflops : Rate of execution for solving the linear system.

The following parameter values will be used:

N      :   15000 
NB     :       8       16       32       64       96      128      160      192 
             224      256      288      320 
PMAP   : Row-major process mapping
P      :       1        2        3 
Q      :      12        6        4 
PFACT  :   Crout 
NBMIN  :       4        8 
NDIV   :       2 
RFACT  :   Right 
BCAST  :   1ring 
DEPTH  :       0 
SWAP   : Mix (threshold = 64)
L1     : transposed form
U      : transposed form
EQUIL  : yes
ALIGN  : 8 double precision words

--------------------------------------------------------------------------------

- The matrix A is randomly generated for each test.
- The following scaled residual check will be computed:
      ||Ax-b||_oo / ( eps * ( || x ||_oo * || A ||_oo + || b ||_oo ) * N )
- The relative machine precision (eps) is taken to be               1.110223e-16
- Computational tests pass if scaled residuals are less than                16.0

================================================================================
T/V                N    NB     P     Q               Time                 Gflops
--------------------------------------------------------------------------------
WR00R2C4       15000     8     1    12             432.24             5.2062e+00
HPL_pdgesv() start time Fri Jul 23 23:31:05 2021

HPL_pdgesv() end time   Fri Jul 23 23:38:17 2021

--------------------------------------------------------------------------------
||Ax-b||_oo/(eps*(||A||_oo*||x||_oo+||b||_oo)*N)=   2.45176072e-03 ...... PASSED
================================================================================
T/V                N    NB     P     Q               Time                 Gflops
--------------------------------------------------------------------------------
WR00R2C8       15000     8     1    12             424.32             5.3034e+00
HPL_pdgesv() start time Fri Jul 23 23:38:35 2021

HPL_pdgesv() end time   Fri Jul 23 23:45:39 2021

--------------------------------------------------------------------------------
||Ax-b||_oo/(eps*(||A||_oo*||x||_oo+||b||_oo)*N)=   2.34462593e-03 ...... PASSED
================================================================================
T/V                N    NB     P     Q               Time                 Gflops
--------------------------------------------------------------------------------
WR00R2C4       15000    16     1    12             306.88             7.3329e+00
HPL_pdgesv() start time Fri Jul 23 23:45:57 2021

HPL_pdgesv() end time   Fri Jul 23 23:51:04 2021

--------------------------------------------------------------------------------
||Ax-b||_oo/(eps*(||A||_oo*||x||_oo+||b||_oo)*N)=   8.24269038e-04 ...... PASSED
================================================================================
T/V                N    NB     P     Q               Time                 Gflops
--------------------------------------------------------------------------------
WR00R2C8       15000    16     1    12             290.62             7.7432e+00
HPL_pdgesv() start time Fri Jul 23 23:51:21 2021

HPL_pdgesv() end time   Fri Jul 23 23:56:11 2021

--------------------------------------------------------------------------------
||Ax-b||_oo/(eps*(||A||_oo*||x||_oo+||b||_oo)*N)=   9.74015571e-04 ...... PASSED
================================================================================
T/V                N    NB     P     Q               Time                 Gflops
--------------------------------------------------------------------------------
WR00R2C4       15000    32     1    12             240.30             9.3646e+00
HPL_pdgesv() start time Fri Jul 23 23:56:28 2021

HPL_pdgesv() end time   Sat Jul 24 00:00:28 2021

--------------------------------------------------------------------------------
||Ax-b||_oo/(eps*(||A||_oo*||x||_oo+||b||_oo)*N)=   8.88042494e-04 ...... PASSED
================================================================================
T/V                N    NB     P     Q               Time                 Gflops
--------------------------------------------------------------------------------
WR00R2C8       15000    32     1    12             226.72             9.9255e+00
HPL_pdgesv() start time Sat Jul 24 00:00:45 2021

HPL_pdgesv() end time   Sat Jul 24 00:04:32 2021

--------------------------------------------------------------------------------
||Ax-b||_oo/(eps*(||A||_oo*||x||_oo+||b||_oo)*N)=   8.55694475e-04 ...... PASSED
================================================================================
T/V                N    NB     P     Q               Time                 Gflops
--------------------------------------------------------------------------------
WR00R2C4       15000    64     1    12             208.09             1.0814e+01
HPL_pdgesv() start time Sat Jul 24 00:04:48 2021

HPL_pdgesv() end time   Sat Jul 24 00:08:16 2021

--------------------------------------------------------------------------------
||Ax-b||_oo/(eps*(||A||_oo*||x||_oo+||b||_oo)*N)=   1.12970122e-03 ...... PASSED
================================================================================
T/V                N    NB     P     Q               Time                 Gflops
--------------------------------------------------------------------------------
WR00R2C8       15000    64     1    12             209.90             1.0721e+01
HPL_pdgesv() start time Sat Jul 24 00:08:39 2021

HPL_pdgesv() end time   Sat Jul 24 00:12:09 2021

--------------------------------------------------------------------------------
||Ax-b||_oo/(eps*(||A||_oo*||x||_oo+||b||_oo)*N)=   1.07088664e-03 ...... PASSED
================================================================================
T/V                N    NB     P     Q               Time                 Gflops
--------------------------------------------------------------------------------
WR00R2C4       15000    96     1    12             192.86             1.1668e+01
HPL_pdgesv() start time Sat Jul 24 00:12:29 2021

HPL_pdgesv() end time   Sat Jul 24 00:15:42 2021

--------------------------------------------------------------------------------
||Ax-b||_oo/(eps*(||A||_oo*||x||_oo+||b||_oo)*N)=   1.19056278e-03 ...... PASSED
================================================================================
T/V                N    NB     P     Q               Time                 Gflops
--------------------------------------------------------------------------------
WR00R2C8       15000    96     1    12             190.65             1.1803e+01
HPL_pdgesv() start time Sat Jul 24 00:15:58 2021

HPL_pdgesv() end time   Sat Jul 24 00:19:08 2021

--------------------------------------------------------------------------------
||Ax-b||_oo/(eps*(||A||_oo*||x||_oo+||b||_oo)*N)=   1.05572171e-03 ...... PASSED
================================================================================
T/V                N    NB     P     Q               Time                 Gflops
--------------------------------------------------------------------------------
WR00R2C4       15000   128     1    12             190.13             1.1836e+01
HPL_pdgesv() start time Sat Jul 24 00:19:25 2021

HPL_pdgesv() end time   Sat Jul 24 00:22:35 2021

--------------------------------------------------------------------------------
||Ax-b||_oo/(eps*(||A||_oo*||x||_oo+||b||_oo)*N)=   1.13272844e-03 ...... PASSED
================================================================================
T/V                N    NB     P     Q               Time                 Gflops
--------------------------------------------------------------------------------
WR00R2C8       15000   128     1    12             193.78             1.1613e+01
HPL_pdgesv() start time Sat Jul 24 00:22:51 2021

HPL_pdgesv() end time   Sat Jul 24 00:26:05 2021

--------------------------------------------------------------------------------
||Ax-b||_oo/(eps*(||A||_oo*||x||_oo+||b||_oo)*N)=   1.27685300e-03 ...... PASSED
================================================================================
T/V                N    NB     P     Q               Time                 Gflops
--------------------------------------------------------------------------------
WR00R2C4       15000   160     1    12             187.42             1.2007e+01
HPL_pdgesv() start time Sat Jul 24 00:26:21 2021

HPL_pdgesv() end time   Sat Jul 24 00:29:29 2021

--------------------------------------------------------------------------------
||Ax-b||_oo/(eps*(||A||_oo*||x||_oo+||b||_oo)*N)=   1.35953938e-03 ...... PASSED
================================================================================
T/V                N    NB     P     Q               Time                 Gflops
--------------------------------------------------------------------------------
WR00R2C8       15000   160     1    12             187.44             1.2005e+01
HPL_pdgesv() start time Sat Jul 24 00:29:45 2021

HPL_pdgesv() end time   Sat Jul 24 00:32:52 2021

--------------------------------------------------------------------------------
||Ax-b||_oo/(eps*(||A||_oo*||x||_oo+||b||_oo)*N)=   1.29507398e-03 ...... PASSED
================================================================================
T/V                N    NB     P     Q               Time                 Gflops
--------------------------------------------------------------------------------
WR00R2C4       15000   192     1    12             188.06             1.1966e+01
HPL_pdgesv() start time Sat Jul 24 00:33:09 2021

HPL_pdgesv() end time   Sat Jul 24 00:36:17 2021

--------------------------------------------------------------------------------
||Ax-b||_oo/(eps*(||A||_oo*||x||_oo+||b||_oo)*N)=   1.40970475e-03 ...... PASSED
================================================================================
T/V                N    NB     P     Q               Time                 Gflops
--------------------------------------------------------------------------------
WR00R2C8       15000   192     1    12             184.47             1.2199e+01
HPL_pdgesv() start time Sat Jul 24 00:36:34 2021

HPL_pdgesv() end time   Sat Jul 24 00:39:39 2021

--------------------------------------------------------------------------------
||Ax-b||_oo/(eps*(||A||_oo*||x||_oo+||b||_oo)*N)=   1.43697857e-03 ...... PASSED
================================================================================
T/V                N    NB     P     Q               Time                 Gflops
--------------------------------------------------------------------------------
WR00R2C4       15000   224     1    12             183.38             1.2271e+01
HPL_pdgesv() start time Sat Jul 24 00:39:56 2021

HPL_pdgesv() end time   Sat Jul 24 00:42:59 2021

--------------------------------------------------------------------------------
||Ax-b||_oo/(eps*(||A||_oo*||x||_oo+||b||_oo)*N)=   1.46996087e-03 ...... PASSED
================================================================================
T/V                N    NB     P     Q               Time                 Gflops
--------------------------------------------------------------------------------
WR00R2C8       15000   224     1    12             189.23             1.1892e+01
HPL_pdgesv() start time Sat Jul 24 00:43:16 2021

HPL_pdgesv() end time   Sat Jul 24 00:46:25 2021

--------------------------------------------------------------------------------
||Ax-b||_oo/(eps*(||A||_oo*||x||_oo+||b||_oo)*N)=   1.53402263e-03 ...... PASSED
================================================================================
T/V                N    NB     P     Q               Time                 Gflops
--------------------------------------------------------------------------------
WR00R2C4       15000   256     1    12             188.65             1.1928e+01
HPL_pdgesv() start time Sat Jul 24 00:46:42 2021

HPL_pdgesv() end time   Sat Jul 24 00:49:51 2021

--------------------------------------------------------------------------------
||Ax-b||_oo/(eps*(||A||_oo*||x||_oo+||b||_oo)*N)=   1.53275408e-03 ...... PASSED
================================================================================
T/V                N    NB     P     Q               Time                 Gflops
--------------------------------------------------------------------------------
WR00R2C8       15000   256     1    12             188.60             1.1932e+01
HPL_pdgesv() start time Sat Jul 24 00:50:07 2021

HPL_pdgesv() end time   Sat Jul 24 00:53:16 2021

--------------------------------------------------------------------------------
||Ax-b||_oo/(eps*(||A||_oo*||x||_oo+||b||_oo)*N)=   1.59885561e-03 ...... PASSED
================================================================================
T/V                N    NB     P     Q               Time                 Gflops
--------------------------------------------------------------------------------
WR00R2C4       15000   288     1    12             184.09             1.2224e+01
HPL_pdgesv() start time Sat Jul 24 00:53:33 2021

HPL_pdgesv() end time   Sat Jul 24 00:56:37 2021

--------------------------------------------------------------------------------
||Ax-b||_oo/(eps*(||A||_oo*||x||_oo+||b||_oo)*N)=   1.41673944e-03 ...... PASSED
================================================================================
T/V                N    NB     P     Q               Time                 Gflops
--------------------------------------------------------------------------------
WR00R2C8       15000   288     1    12             183.55             1.2260e+01
HPL_pdgesv() start time Sat Jul 24 00:56:55 2021

HPL_pdgesv() end time   Sat Jul 24 00:59:58 2021

--------------------------------------------------------------------------------
||Ax-b||_oo/(eps*(||A||_oo*||x||_oo+||b||_oo)*N)=   1.67044939e-03 ...... PASSED
================================================================================
T/V                N    NB     P     Q               Time                 Gflops
--------------------------------------------------------------------------------
WR00R2C4       15000   320     1    12             192.02             1.1720e+01
HPL_pdgesv() start time Sat Jul 24 01:00:16 2021

HPL_pdgesv() end time   Sat Jul 24 01:03:28 2021

--------------------------------------------------------------------------------
||Ax-b||_oo/(eps*(||A||_oo*||x||_oo+||b||_oo)*N)=   1.74886883e-03 ...... PASSED
================================================================================
T/V                N    NB     P     Q               Time                 Gflops
--------------------------------------------------------------------------------
WR00R2C8       15000   320     1    12             191.53             1.1749e+01
HPL_pdgesv() start time Sat Jul 24 01:03:44 2021

HPL_pdgesv() end time   Sat Jul 24 01:06:55 2021

--------------------------------------------------------------------------------
||Ax-b||_oo/(eps*(||A||_oo*||x||_oo+||b||_oo)*N)=   1.64380985e-03 ...... PASSED
================================================================================
T/V                N    NB     P     Q               Time                 Gflops
--------------------------------------------------------------------------------
WR00R2C4       15000     8     2     6             391.74             5.7444e+00
HPL_pdgesv() start time Sat Jul 24 01:07:12 2021

HPL_pdgesv() end time   Sat Jul 24 01:13:44 2021

--------------------------------------------------------------------------------
||Ax-b||_oo/(eps*(||A||_oo*||x||_oo+||b||_oo)*N)=   3.21554300e-03 ...... PASSED
================================================================================
T/V                N    NB     P     Q               Time                 Gflops
--------------------------------------------------------------------------------
WR00R2C8       15000     8     2     6             396.61             5.6739e+00
HPL_pdgesv() start time Sat Jul 24 01:14:02 2021

HPL_pdgesv() end time   Sat Jul 24 01:20:38 2021

--------------------------------------------------------------------------------
||Ax-b||_oo/(eps*(||A||_oo*||x||_oo+||b||_oo)*N)=   3.25002449e-03 ...... PASSED
================================================================================
T/V                N    NB     P     Q               Time                 Gflops
--------------------------------------------------------------------------------
WR00R2C4       15000    16     2     6             291.74             7.7136e+00
HPL_pdgesv() start time Sat Jul 24 01:20:56 2021

HPL_pdgesv() end time   Sat Jul 24 01:25:47 2021

--------------------------------------------------------------------------------
||Ax-b||_oo/(eps*(||A||_oo*||x||_oo+||b||_oo)*N)=   1.03790435e-03 ...... PASSED
================================================================================
T/V                N    NB     P     Q               Time                 Gflops
--------------------------------------------------------------------------------
WR00R2C8       15000    16     2     6             279.88             8.0404e+00
HPL_pdgesv() start time Sat Jul 24 01:26:04 2021

HPL_pdgesv() end time   Sat Jul 24 01:30:44 2021

--------------------------------------------------------------------------------
||Ax-b||_oo/(eps*(||A||_oo*||x||_oo+||b||_oo)*N)=   9.71363149e-04 ...... PASSED
================================================================================
T/V                N    NB     P     Q               Time                 Gflops
--------------------------------------------------------------------------------
WR00R2C4       15000    32     2     6             230.76             9.7520e+00
HPL_pdgesv() start time Sat Jul 24 01:31:01 2021

HPL_pdgesv() end time   Sat Jul 24 01:34:52 2021

--------------------------------------------------------------------------------
||Ax-b||_oo/(eps*(||A||_oo*||x||_oo+||b||_oo)*N)=   9.74707508e-04 ...... PASSED
================================================================================
T/V                N    NB     P     Q               Time                 Gflops
--------------------------------------------------------------------------------
WR00R2C8       15000    32     2     6             228.10             9.8657e+00
HPL_pdgesv() start time Sat Jul 24 01:35:08 2021

HPL_pdgesv() end time   Sat Jul 24 01:38:56 2021

--------------------------------------------------------------------------------
||Ax-b||_oo/(eps*(||A||_oo*||x||_oo+||b||_oo)*N)=   1.03571322e-03 ...... PASSED
================================================================================
T/V                N    NB     P     Q               Time                 Gflops
--------------------------------------------------------------------------------
WR00R2C4       15000    64     2     6             227.60             9.8871e+00
HPL_pdgesv() start time Sat Jul 24 01:39:12 2021

HPL_pdgesv() end time   Sat Jul 24 01:43:00 2021

--------------------------------------------------------------------------------
||Ax-b||_oo/(eps*(||A||_oo*||x||_oo+||b||_oo)*N)=   9.38525009e-04 ...... PASSED
================================================================================
T/V                N    NB     P     Q               Time                 Gflops
--------------------------------------------------------------------------------
WR00R2C8       15000    64     2     6             214.59             1.0487e+01
HPL_pdgesv() start time Sat Jul 24 01:43:16 2021

HPL_pdgesv() end time   Sat Jul 24 01:46:50 2021

--------------------------------------------------------------------------------
||Ax-b||_oo/(eps*(||A||_oo*||x||_oo+||b||_oo)*N)=   9.59484910e-04 ...... PASSED
================================================================================
T/V                N    NB     P     Q               Time                 Gflops
--------------------------------------------------------------------------------
WR00R2C4       15000    96     2     6             219.35             1.0259e+01
HPL_pdgesv() start time Sat Jul 24 01:47:06 2021

HPL_pdgesv() end time   Sat Jul 24 01:50:46 2021

--------------------------------------------------------------------------------
||Ax-b||_oo/(eps*(||A||_oo*||x||_oo+||b||_oo)*N)=   1.21590495e-03 ...... PASSED
================================================================================
T/V                N    NB     P     Q               Time                 Gflops
--------------------------------------------------------------------------------
WR00R2C8       15000    96     2     6             236.01             9.5348e+00
HPL_pdgesv() start time Sat Jul 24 01:51:02 2021

HPL_pdgesv() end time   Sat Jul 24 01:54:58 2021

--------------------------------------------------------------------------------
||Ax-b||_oo/(eps*(||A||_oo*||x||_oo+||b||_oo)*N)=   1.03819266e-03 ...... PASSED
================================================================================
T/V                N    NB     P     Q               Time                 Gflops
--------------------------------------------------------------------------------
WR00R2C4       15000   128     2     6             213.87             1.0522e+01
HPL_pdgesv() start time Sat Jul 24 01:55:14 2021

HPL_pdgesv() end time   Sat Jul 24 01:58:48 2021

--------------------------------------------------------------------------------
||Ax-b||_oo/(eps*(||A||_oo*||x||_oo+||b||_oo)*N)=   1.35757889e-03 ...... PASSED
================================================================================
T/V                N    NB     P     Q               Time                 Gflops
--------------------------------------------------------------------------------
WR00R2C8       15000   128     2     6             204.75             1.0991e+01
HPL_pdgesv() start time Sat Jul 24 01:59:04 2021

HPL_pdgesv() end time   Sat Jul 24 02:02:29 2021

--------------------------------------------------------------------------------
||Ax-b||_oo/(eps*(||A||_oo*||x||_oo+||b||_oo)*N)=   1.22126745e-03 ...... PASSED
================================================================================
T/V                N    NB     P     Q               Time                 Gflops
--------------------------------------------------------------------------------
WR00R2C4       15000   160     2     6             221.38             1.0165e+01
HPL_pdgesv() start time Sat Jul 24 02:02:45 2021

HPL_pdgesv() end time   Sat Jul 24 02:06:26 2021

--------------------------------------------------------------------------------
||Ax-b||_oo/(eps*(||A||_oo*||x||_oo+||b||_oo)*N)=   1.42169831e-03 ...... PASSED
================================================================================
T/V                N    NB     P     Q               Time                 Gflops
--------------------------------------------------------------------------------
WR00R2C8       15000   160     2     6             223.78             1.0056e+01
HPL_pdgesv() start time Sat Jul 24 02:06:42 2021

HPL_pdgesv() end time   Sat Jul 24 02:10:26 2021

--------------------------------------------------------------------------------
||Ax-b||_oo/(eps*(||A||_oo*||x||_oo+||b||_oo)*N)=   1.45398867e-03 ...... PASSED
================================================================================
T/V                N    NB     P     Q               Time                 Gflops
--------------------------------------------------------------------------------
WR00R2C4       15000   192     2     6             216.82             1.0379e+01
HPL_pdgesv() start time Sat Jul 24 02:10:42 2021

HPL_pdgesv() end time   Sat Jul 24 02:14:19 2021

--------------------------------------------------------------------------------
||Ax-b||_oo/(eps*(||A||_oo*||x||_oo+||b||_oo)*N)=   1.38508336e-03 ...... PASSED
================================================================================
T/V                N    NB     P     Q               Time                 Gflops
--------------------------------------------------------------------------------
WR00R2C8       15000   192     2     6             216.49             1.0395e+01
HPL_pdgesv() start time Sat Jul 24 02:14:35 2021

HPL_pdgesv() end time   Sat Jul 24 02:18:11 2021

--------------------------------------------------------------------------------
||Ax-b||_oo/(eps*(||A||_oo*||x||_oo+||b||_oo)*N)=   1.46356046e-03 ...... PASSED
================================================================================
T/V                N    NB     P     Q               Time                 Gflops
--------------------------------------------------------------------------------
WR00R2C4       15000   224     2     6             219.33             1.0260e+01
HPL_pdgesv() start time Sat Jul 24 02:18:28 2021

HPL_pdgesv() end time   Sat Jul 24 02:22:07 2021

--------------------------------------------------------------------------------
||Ax-b||_oo/(eps*(||A||_oo*||x||_oo+||b||_oo)*N)=   1.56732206e-03 ...... PASSED
================================================================================
T/V                N    NB     P     Q               Time                 Gflops
--------------------------------------------------------------------------------
WR00R2C8       15000   224     2     6             210.53             1.0689e+01
HPL_pdgesv() start time Sat Jul 24 02:22:24 2021

HPL_pdgesv() end time   Sat Jul 24 02:25:55 2021

--------------------------------------------------------------------------------
||Ax-b||_oo/(eps*(||A||_oo*||x||_oo+||b||_oo)*N)=   1.53076476e-03 ...... PASSED
================================================================================
T/V                N    NB     P     Q               Time                 Gflops
--------------------------------------------------------------------------------
WR00R2C4       15000   256     2     6             219.43             1.0255e+01
HPL_pdgesv() start time Sat Jul 24 02:26:11 2021

HPL_pdgesv() end time   Sat Jul 24 02:29:51 2021

--------------------------------------------------------------------------------
||Ax-b||_oo/(eps*(||A||_oo*||x||_oo+||b||_oo)*N)=   1.57057993e-03 ...... PASSED
================================================================================
T/V                N    NB     P     Q               Time                 Gflops
--------------------------------------------------------------------------------
WR00R2C8       15000   256     2     6             220.18             1.0221e+01
HPL_pdgesv() start time Sat Jul 24 02:30:07 2021

HPL_pdgesv() end time   Sat Jul 24 02:33:47 2021

--------------------------------------------------------------------------------
||Ax-b||_oo/(eps*(||A||_oo*||x||_oo+||b||_oo)*N)=   1.81564068e-03 ...... PASSED
================================================================================
T/V                N    NB     P     Q               Time                 Gflops
--------------------------------------------------------------------------------
WR00R2C4       15000   288     2     6             226.58             9.9317e+00
HPL_pdgesv() start time Sat Jul 24 02:34:03 2021

HPL_pdgesv() end time   Sat Jul 24 02:37:50 2021

--------------------------------------------------------------------------------
||Ax-b||_oo/(eps*(||A||_oo*||x||_oo+||b||_oo)*N)=   1.77389386e-03 ...... PASSED
================================================================================
T/V                N    NB     P     Q               Time                 Gflops
--------------------------------------------------------------------------------
WR00R2C8       15000   288     2     6             231.40             9.7249e+00
HPL_pdgesv() start time Sat Jul 24 02:38:06 2021

HPL_pdgesv() end time   Sat Jul 24 02:41:58 2021

--------------------------------------------------------------------------------
||Ax-b||_oo/(eps*(||A||_oo*||x||_oo+||b||_oo)*N)=   1.67592722e-03 ...... PASSED
================================================================================
T/V                N    NB     P     Q               Time                 Gflops
--------------------------------------------------------------------------------
WR00R2C4       15000   320     2     6             216.10             1.0414e+01
HPL_pdgesv() start time Sat Jul 24 02:42:14 2021

HPL_pdgesv() end time   Sat Jul 24 02:45:50 2021

--------------------------------------------------------------------------------
||Ax-b||_oo/(eps*(||A||_oo*||x||_oo+||b||_oo)*N)=   2.05839497e-03 ...... PASSED
================================================================================
T/V                N    NB     P     Q               Time                 Gflops
--------------------------------------------------------------------------------
WR00R2C8       15000   320     2     6             225.16             9.9942e+00
HPL_pdgesv() start time Sat Jul 24 02:46:06 2021

HPL_pdgesv() end time   Sat Jul 24 02:49:52 2021

--------------------------------------------------------------------------------
||Ax-b||_oo/(eps*(||A||_oo*||x||_oo+||b||_oo)*N)=   1.80722212e-03 ...... PASSED
================================================================================
T/V                N    NB     P     Q               Time                 Gflops
--------------------------------------------------------------------------------
WR00R2C4       15000     8     3     4             397.76             5.6576e+00
HPL_pdgesv() start time Sat Jul 24 02:50:08 2021

HPL_pdgesv() end time   Sat Jul 24 02:56:46 2021

--------------------------------------------------------------------------------
||Ax-b||_oo/(eps*(||A||_oo*||x||_oo+||b||_oo)*N)=   4.14432324e-03 ...... PASSED
================================================================================
T/V                N    NB     P     Q               Time                 Gflops
--------------------------------------------------------------------------------
WR00R2C8       15000     8     3     4             410.99             5.4754e+00
HPL_pdgesv() start time Sat Jul 24 02:57:04 2021

HPL_pdgesv() end time   Sat Jul 24 03:03:55 2021

--------------------------------------------------------------------------------
||Ax-b||_oo/(eps*(||A||_oo*||x||_oo+||b||_oo)*N)=   4.04281043e-03 ...... PASSED
================================================================================
T/V                N    NB     P     Q               Time                 Gflops
--------------------------------------------------------------------------------
WR00R2C4       15000    16     3     4             301.79             7.4566e+00
HPL_pdgesv() start time Sat Jul 24 03:04:12 2021

HPL_pdgesv() end time   Sat Jul 24 03:09:14 2021

--------------------------------------------------------------------------------
||Ax-b||_oo/(eps*(||A||_oo*||x||_oo+||b||_oo)*N)=   1.15391899e-03 ...... PASSED
================================================================================
T/V                N    NB     P     Q               Time                 Gflops
--------------------------------------------------------------------------------
WR00R2C8       15000    16     3     4             303.43             7.4163e+00
HPL_pdgesv() start time Sat Jul 24 03:09:31 2021

HPL_pdgesv() end time   Sat Jul 24 03:14:34 2021

--------------------------------------------------------------------------------
||Ax-b||_oo/(eps*(||A||_oo*||x||_oo+||b||_oo)*N)=   1.19520452e-03 ...... PASSED
================================================================================
T/V                N    NB     P     Q               Time                 Gflops
--------------------------------------------------------------------------------
WR00R2C4       15000    32     3     4             259.14             8.6838e+00
HPL_pdgesv() start time Sat Jul 24 03:14:51 2021

HPL_pdgesv() end time   Sat Jul 24 03:19:10 2021

--------------------------------------------------------------------------------
||Ax-b||_oo/(eps*(||A||_oo*||x||_oo+||b||_oo)*N)=   1.05082049e-03 ...... PASSED
================================================================================
T/V                N    NB     P     Q               Time                 Gflops
--------------------------------------------------------------------------------
WR00R2C8       15000    32     3     4             266.24             8.4521e+00
HPL_pdgesv() start time Sat Jul 24 03:19:26 2021

HPL_pdgesv() end time   Sat Jul 24 03:23:52 2021

--------------------------------------------------------------------------------
||Ax-b||_oo/(eps*(||A||_oo*||x||_oo+||b||_oo)*N)=   1.07988181e-03 ...... PASSED
================================================================================
T/V                N    NB     P     Q               Time                 Gflops
--------------------------------------------------------------------------------
WR00R2C4       15000    64     3     4             258.67             8.6995e+00
HPL_pdgesv() start time Sat Jul 24 03:24:08 2021

HPL_pdgesv() end time   Sat Jul 24 03:28:27 2021

--------------------------------------------------------------------------------
||Ax-b||_oo/(eps*(||A||_oo*||x||_oo+||b||_oo)*N)=   1.03513661e-03 ...... PASSED
================================================================================
T/V                N    NB     P     Q               Time                 Gflops
--------------------------------------------------------------------------------
WR00R2C8       15000    64     3     4             263.13             8.5521e+00
HPL_pdgesv() start time Sat Jul 24 03:28:43 2021

HPL_pdgesv() end time   Sat Jul 24 03:33:06 2021

--------------------------------------------------------------------------------
||Ax-b||_oo/(eps*(||A||_oo*||x||_oo+||b||_oo)*N)=   1.06777293e-03 ...... PASSED
================================================================================
T/V                N    NB     P     Q               Time                 Gflops
--------------------------------------------------------------------------------
WR00R2C4       15000    96     3     4             259.88             8.6590e+00
HPL_pdgesv() start time Sat Jul 24 03:33:22 2021

HPL_pdgesv() end time   Sat Jul 24 03:37:42 2021

--------------------------------------------------------------------------------
||Ax-b||_oo/(eps*(||A||_oo*||x||_oo+||b||_oo)*N)=   1.18932306e-03 ...... PASSED
================================================================================
T/V                N    NB     P     Q               Time                 Gflops
--------------------------------------------------------------------------------
WR00R2C8       15000    96     3     4             266.92             8.4308e+00
HPL_pdgesv() start time Sat Jul 24 03:37:58 2021

HPL_pdgesv() end time   Sat Jul 24 03:42:25 2021

--------------------------------------------------------------------------------
||Ax-b||_oo/(eps*(||A||_oo*||x||_oo+||b||_oo)*N)=   1.15899319e-03 ...... PASSED
================================================================================
T/V                N    NB     P     Q               Time                 Gflops
--------------------------------------------------------------------------------
WR00R2C4       15000   128     3     4             272.52             8.2574e+00
HPL_pdgesv() start time Sat Jul 24 03:42:41 2021

HPL_pdgesv() end time   Sat Jul 24 03:47:14 2021

--------------------------------------------------------------------------------
||Ax-b||_oo/(eps*(||A||_oo*||x||_oo+||b||_oo)*N)=   1.22172874e-03 ...... PASSED
================================================================================
T/V                N    NB     P     Q               Time                 Gflops
--------------------------------------------------------------------------------
WR00R2C8       15000   128     3     4             273.53             8.2269e+00
HPL_pdgesv() start time Sat Jul 24 03:47:30 2021

HPL_pdgesv() end time   Sat Jul 24 03:52:03 2021

--------------------------------------------------------------------------------
||Ax-b||_oo/(eps*(||A||_oo*||x||_oo+||b||_oo)*N)=   1.20996583e-03 ...... PASSED
================================================================================
T/V                N    NB     P     Q               Time                 Gflops
--------------------------------------------------------------------------------
WR00R2C4       15000   160     3     4             259.12             8.6844e+00
HPL_pdgesv() start time Sat Jul 24 03:52:20 2021

HPL_pdgesv() end time   Sat Jul 24 03:56:39 2021

--------------------------------------------------------------------------------
||Ax-b||_oo/(eps*(||A||_oo*||x||_oo+||b||_oo)*N)=   1.55691419e-03 ...... PASSED
================================================================================
T/V                N    NB     P     Q               Time                 Gflops
--------------------------------------------------------------------------------
WR00R2C8       15000   160     3     4             264.32             8.5137e+00
HPL_pdgesv() start time Sat Jul 24 03:56:55 2021

HPL_pdgesv() end time   Sat Jul 24 04:01:19 2021

--------------------------------------------------------------------------------
||Ax-b||_oo/(eps*(||A||_oo*||x||_oo+||b||_oo)*N)=   1.29994637e-03 ...... PASSED
================================================================================
T/V                N    NB     P     Q               Time                 Gflops
--------------------------------------------------------------------------------
WR00R2C4       15000   192     3     4             270.63             8.3152e+00
HPL_pdgesv() start time Sat Jul 24 04:01:36 2021

HPL_pdgesv() end time   Sat Jul 24 04:06:06 2021

--------------------------------------------------------------------------------
||Ax-b||_oo/(eps*(||A||_oo*||x||_oo+||b||_oo)*N)=   1.72949462e-03 ...... PASSED
================================================================================
T/V                N    NB     P     Q               Time                 Gflops
--------------------------------------------------------------------------------
WR00R2C8       15000   192     3     4             267.97             8.3979e+00
HPL_pdgesv() start time Sat Jul 24 04:06:22 2021

HPL_pdgesv() end time   Sat Jul 24 04:10:50 2021

--------------------------------------------------------------------------------
||Ax-b||_oo/(eps*(||A||_oo*||x||_oo+||b||_oo)*N)=   1.60287028e-03 ...... PASSED
================================================================================
T/V                N    NB     P     Q               Time                 Gflops
--------------------------------------------------------------------------------
WR00R2C4       15000   224     3     4             268.57             8.3790e+00
HPL_pdgesv() start time Sat Jul 24 04:11:06 2021

HPL_pdgesv() end time   Sat Jul 24 04:15:35 2021

--------------------------------------------------------------------------------
||Ax-b||_oo/(eps*(||A||_oo*||x||_oo+||b||_oo)*N)=   1.70435427e-03 ...... PASSED
================================================================================
T/V                N    NB     P     Q               Time                 Gflops
--------------------------------------------------------------------------------
WR00R2C8       15000   224     3     4             256.83             8.7620e+00
HPL_pdgesv() start time Sat Jul 24 04:15:51 2021

HPL_pdgesv() end time   Sat Jul 24 04:20:08 2021

--------------------------------------------------------------------------------
||Ax-b||_oo/(eps*(||A||_oo*||x||_oo+||b||_oo)*N)=   1.88010607e-03 ...... PASSED
================================================================================
T/V                N    NB     P     Q               Time                 Gflops
--------------------------------------------------------------------------------
WR00R2C4       15000   256     3     4             277.49             8.1096e+00
HPL_pdgesv() start time Sat Jul 24 04:20:25 2021

HPL_pdgesv() end time   Sat Jul 24 04:25:02 2021

--------------------------------------------------------------------------------
||Ax-b||_oo/(eps*(||A||_oo*||x||_oo+||b||_oo)*N)=   1.53090892e-03 ...... PASSED
================================================================================
T/V                N    NB     P     Q               Time                 Gflops
--------------------------------------------------------------------------------
WR00R2C8       15000   256     3     4             274.88             8.1866e+00
HPL_pdgesv() start time Sat Jul 24 04:25:18 2021

HPL_pdgesv() end time   Sat Jul 24 04:29:53 2021

--------------------------------------------------------------------------------
||Ax-b||_oo/(eps*(||A||_oo*||x||_oo+||b||_oo)*N)=   1.72903332e-03 ...... PASSED
================================================================================
T/V                N    NB     P     Q               Time                 Gflops
--------------------------------------------------------------------------------
WR00R2C4       15000   288     3     4             268.33             8.3865e+00
HPL_pdgesv() start time Sat Jul 24 04:30:10 2021

HPL_pdgesv() end time   Sat Jul 24 04:34:38 2021

--------------------------------------------------------------------------------
||Ax-b||_oo/(eps*(||A||_oo*||x||_oo+||b||_oo)*N)=   1.62746285e-03 ...... PASSED
================================================================================
T/V                N    NB     P     Q               Time                 Gflops
--------------------------------------------------------------------------------
WR00R2C8       15000   288     3     4             270.28             8.3260e+00
HPL_pdgesv() start time Sat Jul 24 04:34:54 2021

HPL_pdgesv() end time   Sat Jul 24 04:39:25 2021

--------------------------------------------------------------------------------
||Ax-b||_oo/(eps*(||A||_oo*||x||_oo+||b||_oo)*N)=   1.91608675e-03 ...... PASSED
================================================================================
T/V                N    NB     P     Q               Time                 Gflops
--------------------------------------------------------------------------------
WR00R2C4       15000   320     3     4             271.79             8.2796e+00
HPL_pdgesv() start time Sat Jul 24 04:39:41 2021

HPL_pdgesv() end time   Sat Jul 24 04:44:13 2021

--------------------------------------------------------------------------------
||Ax-b||_oo/(eps*(||A||_oo*||x||_oo+||b||_oo)*N)=   1.99646668e-03 ...... PASSED
================================================================================
T/V                N    NB     P     Q               Time                 Gflops
--------------------------------------------------------------------------------
WR00R2C8       15000   320     3     4             271.27             8.2955e+00
HPL_pdgesv() start time Sat Jul 24 04:44:29 2021

HPL_pdgesv() end time   Sat Jul 24 04:49:00 2021

--------------------------------------------------------------------------------
||Ax-b||_oo/(eps*(||A||_oo*||x||_oo+||b||_oo)*N)=   1.72615026e-03 ...... PASSED
================================================================================

Finished     72 tests with the following results:
             72 tests completed and passed residual checks,
              0 tests completed and failed residual checks,
              0 tests skipped because of illegal input values.
--------------------------------------------------------------------------------

End of Tests.
================================================================================
