================================================================================
HPLinpack 2.3  --  High-Performance Linpack benchmark  --   December 2, 2018
Written by A. Petitet and R. Clint Whaley,  Innovative Computing Laboratory, UTK
Modified by Piotr Luszczek, Innovative Computing Laboratory, UTK
Modified by Julien Langou, University of Colorado Denver
================================================================================

An explanation of the input/output parameters follows:
T/V    : Wall time / encoded variant.
N      : The order of the coefficient matrix A.
NB     : The partitioning blocking factor.
P      : The number of process rows.
Q      : The number of process columns.
Time   : Time in seconds to solve the linear system.
Gflops : Rate of execution for solving the linear system.

The following parameter values will be used:

N      :   21000 
NB     :       8       16       32       64       96      128      160      192 
             224      256      288      320 
PMAP   : Row-major process mapping
P      :       1        2 
Q      :      16        8 
PFACT  :   Crout 
NBMIN  :       4        8 
NDIV   :       2 
RFACT  :   Right 
BCAST  :   1ring 
DEPTH  :       0 
SWAP   : Mix (threshold = 64)
L1     : transposed form
U      : transposed form
EQUIL  : yes
ALIGN  : 8 double precision words

--------------------------------------------------------------------------------

- The matrix A is randomly generated for each test.
- The following scaled residual check will be computed:
      ||Ax-b||_oo / ( eps * ( || x ||_oo * || A ||_oo + || b ||_oo ) * N )
- The relative machine precision (eps) is taken to be               1.110223e-16
- Computational tests pass if scaled residuals are less than                16.0

================================================================================
T/V                N    NB     P     Q               Time                 Gflops
--------------------------------------------------------------------------------
WR00R2C4       21000     8     1    16             842.67             7.3275e+00
HPL_pdgesv() start time Fri Jul 23 09:34:55 2021

HPL_pdgesv() end time   Fri Jul 23 09:48:57 2021

--------------------------------------------------------------------------------
||Ax-b||_oo/(eps*(||A||_oo*||x||_oo+||b||_oo)*N)=   2.10002311e-03 ...... PASSED
================================================================================
T/V                N    NB     P     Q               Time                 Gflops
--------------------------------------------------------------------------------
WR00R2C8       21000     8     1    16             845.71             7.3012e+00
HPL_pdgesv() start time Fri Jul 23 09:49:24 2021

HPL_pdgesv() end time   Fri Jul 23 10:03:30 2021

--------------------------------------------------------------------------------
||Ax-b||_oo/(eps*(||A||_oo*||x||_oo+||b||_oo)*N)=   1.98952678e-03 ...... PASSED
================================================================================
T/V                N    NB     P     Q               Time                 Gflops
--------------------------------------------------------------------------------
WR00R2C4       21000    16     1    16             595.66             1.0366e+01
HPL_pdgesv() start time Fri Jul 23 10:03:56 2021

HPL_pdgesv() end time   Fri Jul 23 10:13:51 2021

--------------------------------------------------------------------------------
||Ax-b||_oo/(eps*(||A||_oo*||x||_oo+||b||_oo)*N)=   6.46686555e-04 ...... PASSED
================================================================================
T/V                N    NB     P     Q               Time                 Gflops
--------------------------------------------------------------------------------
WR00R2C8       21000    16     1    16             650.77             9.4882e+00
HPL_pdgesv() start time Fri Jul 23 10:14:17 2021

HPL_pdgesv() end time   Fri Jul 23 10:25:07 2021

--------------------------------------------------------------------------------
||Ax-b||_oo/(eps*(||A||_oo*||x||_oo+||b||_oo)*N)=   7.49488937e-04 ...... PASSED
================================================================================
T/V                N    NB     P     Q               Time                 Gflops
--------------------------------------------------------------------------------
WR00R2C4       21000    32     1    16             458.86             1.3456e+01
HPL_pdgesv() start time Fri Jul 23 10:25:32 2021

HPL_pdgesv() end time   Fri Jul 23 10:33:11 2021

--------------------------------------------------------------------------------
||Ax-b||_oo/(eps*(||A||_oo*||x||_oo+||b||_oo)*N)=   6.69133107e-04 ...... PASSED
================================================================================
T/V                N    NB     P     Q               Time                 Gflops
--------------------------------------------------------------------------------
WR00R2C8       21000    32     1    16             445.74             1.3853e+01
HPL_pdgesv() start time Fri Jul 23 10:33:36 2021

HPL_pdgesv() end time   Fri Jul 23 10:41:02 2021

--------------------------------------------------------------------------------
||Ax-b||_oo/(eps*(||A||_oo*||x||_oo+||b||_oo)*N)=   6.83052792e-04 ...... PASSED
================================================================================
T/V                N    NB     P     Q               Time                 Gflops
--------------------------------------------------------------------------------
WR00R2C4       21000    64     1    16             406.13             1.5204e+01
HPL_pdgesv() start time Fri Jul 23 10:41:26 2021

HPL_pdgesv() end time   Fri Jul 23 10:48:12 2021

--------------------------------------------------------------------------------
||Ax-b||_oo/(eps*(||A||_oo*||x||_oo+||b||_oo)*N)=   9.08082998e-04 ...... PASSED
================================================================================
T/V                N    NB     P     Q               Time                 Gflops
--------------------------------------------------------------------------------
WR00R2C8       21000    64     1    16             418.57             1.4752e+01
HPL_pdgesv() start time Fri Jul 23 10:48:37 2021

HPL_pdgesv() end time   Fri Jul 23 10:55:36 2021

--------------------------------------------------------------------------------
||Ax-b||_oo/(eps*(||A||_oo*||x||_oo+||b||_oo)*N)=   7.48218378e-04 ...... PASSED
================================================================================
T/V                N    NB     P     Q               Time                 Gflops
--------------------------------------------------------------------------------
WR00R2C4       21000    96     1    16             388.03             1.5913e+01
HPL_pdgesv() start time Fri Jul 23 10:56:00 2021

HPL_pdgesv() end time   Fri Jul 23 11:02:28 2021

--------------------------------------------------------------------------------
||Ax-b||_oo/(eps*(||A||_oo*||x||_oo+||b||_oo)*N)=   1.09104357e-03 ...... PASSED
================================================================================
T/V                N    NB     P     Q               Time                 Gflops
--------------------------------------------------------------------------------
WR00R2C8       21000    96     1    16             382.35             1.6149e+01
HPL_pdgesv() start time Fri Jul 23 11:02:53 2021

HPL_pdgesv() end time   Fri Jul 23 11:09:15 2021

--------------------------------------------------------------------------------
||Ax-b||_oo/(eps*(||A||_oo*||x||_oo+||b||_oo)*N)=   8.89504595e-04 ...... PASSED
================================================================================
T/V                N    NB     P     Q               Time                 Gflops
--------------------------------------------------------------------------------
WR00R2C4       21000   128     1    16             397.44             1.5536e+01
HPL_pdgesv() start time Fri Jul 23 11:09:41 2021

HPL_pdgesv() end time   Fri Jul 23 11:16:18 2021

--------------------------------------------------------------------------------
||Ax-b||_oo/(eps*(||A||_oo*||x||_oo+||b||_oo)*N)=   9.38407019e-04 ...... PASSED
================================================================================
T/V                N    NB     P     Q               Time                 Gflops
--------------------------------------------------------------------------------
WR00R2C8       21000   128     1    16             392.42             1.5735e+01
HPL_pdgesv() start time Fri Jul 23 11:16:44 2021

HPL_pdgesv() end time   Fri Jul 23 11:23:16 2021

--------------------------------------------------------------------------------
||Ax-b||_oo/(eps*(||A||_oo*||x||_oo+||b||_oo)*N)=   1.08799422e-03 ...... PASSED
================================================================================
T/V                N    NB     P     Q               Time                 Gflops
--------------------------------------------------------------------------------
WR00R2C4       21000   160     1    16             391.68             1.5764e+01
HPL_pdgesv() start time Fri Jul 23 11:23:42 2021

HPL_pdgesv() end time   Fri Jul 23 11:30:14 2021

--------------------------------------------------------------------------------
||Ax-b||_oo/(eps*(||A||_oo*||x||_oo+||b||_oo)*N)=   1.20257046e-03 ...... PASSED
================================================================================
T/V                N    NB     P     Q               Time                 Gflops
--------------------------------------------------------------------------------
WR00R2C8       21000   160     1    16             377.42             1.6360e+01
HPL_pdgesv() start time Fri Jul 23 11:30:43 2021

HPL_pdgesv() end time   Fri Jul 23 11:37:01 2021

--------------------------------------------------------------------------------
||Ax-b||_oo/(eps*(||A||_oo*||x||_oo+||b||_oo)*N)=   1.16914063e-03 ...... PASSED
================================================================================
T/V                N    NB     P     Q               Time                 Gflops
--------------------------------------------------------------------------------
WR00R2C4       21000   192     1    16             391.67             1.5765e+01
HPL_pdgesv() start time Fri Jul 23 11:37:26 2021

HPL_pdgesv() end time   Fri Jul 23 11:43:58 2021

--------------------------------------------------------------------------------
||Ax-b||_oo/(eps*(||A||_oo*||x||_oo+||b||_oo)*N)=   1.08771188e-03 ...... PASSED
================================================================================
T/V                N    NB     P     Q               Time                 Gflops
--------------------------------------------------------------------------------
WR00R2C8       21000   192     1    16             390.94             1.5794e+01
HPL_pdgesv() start time Fri Jul 23 11:44:23 2021

HPL_pdgesv() end time   Fri Jul 23 11:50:54 2021

--------------------------------------------------------------------------------
||Ax-b||_oo/(eps*(||A||_oo*||x||_oo+||b||_oo)*N)=   1.09510936e-03 ...... PASSED
================================================================================
T/V                N    NB     P     Q               Time                 Gflops
--------------------------------------------------------------------------------
WR00R2C4       21000   224     1    16             395.24             1.5623e+01
HPL_pdgesv() start time Fri Jul 23 11:51:18 2021

HPL_pdgesv() end time   Fri Jul 23 11:57:53 2021

--------------------------------------------------------------------------------
||Ax-b||_oo/(eps*(||A||_oo*||x||_oo+||b||_oo)*N)=   1.25703511e-03 ...... PASSED
================================================================================
T/V                N    NB     P     Q               Time                 Gflops
--------------------------------------------------------------------------------
WR00R2C8       21000   224     1    16             398.55             1.5493e+01
HPL_pdgesv() start time Fri Jul 23 11:58:18 2021

HPL_pdgesv() end time   Fri Jul 23 12:04:56 2021

--------------------------------------------------------------------------------
||Ax-b||_oo/(eps*(||A||_oo*||x||_oo+||b||_oo)*N)=   1.22944985e-03 ...... PASSED
================================================================================
T/V                N    NB     P     Q               Time                 Gflops
--------------------------------------------------------------------------------
WR00R2C4       21000   256     1    16             386.32             1.5983e+01
HPL_pdgesv() start time Fri Jul 23 12:05:23 2021

HPL_pdgesv() end time   Fri Jul 23 12:11:49 2021

--------------------------------------------------------------------------------
||Ax-b||_oo/(eps*(||A||_oo*||x||_oo+||b||_oo)*N)=   1.22289941e-03 ...... PASSED
================================================================================
T/V                N    NB     P     Q               Time                 Gflops
--------------------------------------------------------------------------------
WR00R2C8       21000   256     1    16             384.47             1.6060e+01
HPL_pdgesv() start time Fri Jul 23 12:12:17 2021

HPL_pdgesv() end time   Fri Jul 23 12:18:41 2021

--------------------------------------------------------------------------------
||Ax-b||_oo/(eps*(||A||_oo*||x||_oo+||b||_oo)*N)=   1.42043612e-03 ...... PASSED
================================================================================
T/V                N    NB     P     Q               Time                 Gflops
--------------------------------------------------------------------------------
WR00R2C4       21000   288     1    16             368.04             1.6777e+01
HPL_pdgesv() start time Fri Jul 23 12:19:08 2021

HPL_pdgesv() end time   Fri Jul 23 12:25:16 2021

--------------------------------------------------------------------------------
||Ax-b||_oo/(eps*(||A||_oo*||x||_oo+||b||_oo)*N)=   1.48457820e-03 ...... PASSED
================================================================================
T/V                N    NB     P     Q               Time                 Gflops
--------------------------------------------------------------------------------
WR00R2C8       21000   288     1    16             365.42             1.6897e+01
HPL_pdgesv() start time Fri Jul 23 12:25:42 2021

HPL_pdgesv() end time   Fri Jul 23 12:31:48 2021

--------------------------------------------------------------------------------
||Ax-b||_oo/(eps*(||A||_oo*||x||_oo+||b||_oo)*N)=   1.44194387e-03 ...... PASSED
================================================================================
T/V                N    NB     P     Q               Time                 Gflops
--------------------------------------------------------------------------------
WR00R2C4       21000   320     1    16             369.71             1.6701e+01
HPL_pdgesv() start time Fri Jul 23 12:32:15 2021

HPL_pdgesv() end time   Fri Jul 23 12:38:25 2021

--------------------------------------------------------------------------------
||Ax-b||_oo/(eps*(||A||_oo*||x||_oo+||b||_oo)*N)=   1.42505955e-03 ...... PASSED
================================================================================
T/V                N    NB     P     Q               Time                 Gflops
--------------------------------------------------------------------------------
WR00R2C8       21000   320     1    16             371.10             1.6639e+01
HPL_pdgesv() start time Fri Jul 23 12:38:54 2021

HPL_pdgesv() end time   Fri Jul 23 12:45:05 2021

--------------------------------------------------------------------------------
||Ax-b||_oo/(eps*(||A||_oo*||x||_oo+||b||_oo)*N)=   1.35966808e-03 ...... PASSED
================================================================================
T/V                N    NB     P     Q               Time                 Gflops
--------------------------------------------------------------------------------
WR00R2C4       21000     8     2     8             742.13             8.3202e+00
HPL_pdgesv() start time Fri Jul 23 12:45:33 2021

HPL_pdgesv() end time   Fri Jul 23 12:57:55 2021

--------------------------------------------------------------------------------
||Ax-b||_oo/(eps*(||A||_oo*||x||_oo+||b||_oo)*N)=   2.78373941e-03 ...... PASSED
================================================================================
T/V                N    NB     P     Q               Time                 Gflops
--------------------------------------------------------------------------------
WR00R2C8       21000     8     2     8             756.50             8.1621e+00
HPL_pdgesv() start time Fri Jul 23 12:58:21 2021

HPL_pdgesv() end time   Fri Jul 23 13:10:57 2021

--------------------------------------------------------------------------------
||Ax-b||_oo/(eps*(||A||_oo*||x||_oo+||b||_oo)*N)=   2.65857519e-03 ...... PASSED
================================================================================
T/V                N    NB     P     Q               Time                 Gflops
--------------------------------------------------------------------------------
WR00R2C4       21000    16     2     8             511.93             1.2062e+01
HPL_pdgesv() start time Fri Jul 23 13:11:23 2021

HPL_pdgesv() end time   Fri Jul 23 13:19:54 2021

--------------------------------------------------------------------------------
||Ax-b||_oo/(eps*(||A||_oo*||x||_oo+||b||_oo)*N)=   9.03734861e-04 ...... PASSED
================================================================================
T/V                N    NB     P     Q               Time                 Gflops
--------------------------------------------------------------------------------
WR00R2C8       21000    16     2     8             497.01             1.2424e+01
HPL_pdgesv() start time Fri Jul 23 13:20:19 2021

HPL_pdgesv() end time   Fri Jul 23 13:28:36 2021

--------------------------------------------------------------------------------
||Ax-b||_oo/(eps*(||A||_oo*||x||_oo+||b||_oo)*N)=   8.66521585e-04 ...... PASSED
================================================================================
T/V                N    NB     P     Q               Time                 Gflops
--------------------------------------------------------------------------------
WR00R2C4       21000    32     2     8             432.92             1.4263e+01
HPL_pdgesv() start time Fri Jul 23 13:29:00 2021

HPL_pdgesv() end time   Fri Jul 23 13:36:13 2021

--------------------------------------------------------------------------------
||Ax-b||_oo/(eps*(||A||_oo*||x||_oo+||b||_oo)*N)=   8.05817075e-04 ...... PASSED
================================================================================
T/V                N    NB     P     Q               Time                 Gflops
--------------------------------------------------------------------------------
WR00R2C8       21000    32     2     8             444.95             1.3877e+01
HPL_pdgesv() start time Fri Jul 23 13:36:37 2021

HPL_pdgesv() end time   Fri Jul 23 13:44:02 2021

--------------------------------------------------------------------------------
||Ax-b||_oo/(eps*(||A||_oo*||x||_oo+||b||_oo)*N)=   7.95878476e-04 ...... PASSED
================================================================================
T/V                N    NB     P     Q               Time                 Gflops
--------------------------------------------------------------------------------
WR00R2C4       21000    64     2     8             430.32             1.4349e+01
HPL_pdgesv() start time Fri Jul 23 13:44:26 2021

HPL_pdgesv() end time   Fri Jul 23 13:51:36 2021

--------------------------------------------------------------------------------
||Ax-b||_oo/(eps*(||A||_oo*||x||_oo+||b||_oo)*N)=   8.36621085e-04 ...... PASSED
================================================================================
T/V                N    NB     P     Q               Time                 Gflops
--------------------------------------------------------------------------------
WR00R2C8       21000    64     2     8             418.27             1.4762e+01
HPL_pdgesv() start time Fri Jul 23 13:51:59 2021

HPL_pdgesv() end time   Fri Jul 23 13:58:58 2021

--------------------------------------------------------------------------------
||Ax-b||_oo/(eps*(||A||_oo*||x||_oo+||b||_oo)*N)=   7.47258399e-04 ...... PASSED
================================================================================
T/V                N    NB     P     Q               Time                 Gflops
--------------------------------------------------------------------------------
WR00R2C4       21000    96     2     8             382.12             1.6159e+01
HPL_pdgesv() start time Fri Jul 23 13:59:22 2021

HPL_pdgesv() end time   Fri Jul 23 14:05:44 2021

--------------------------------------------------------------------------------
||Ax-b||_oo/(eps*(||A||_oo*||x||_oo+||b||_oo)*N)=   8.47717304e-04 ...... PASSED
================================================================================
T/V                N    NB     P     Q               Time                 Gflops
--------------------------------------------------------------------------------
WR00R2C8       21000    96     2     8             378.80             1.6300e+01
HPL_pdgesv() start time Fri Jul 23 14:06:07 2021

HPL_pdgesv() end time   Fri Jul 23 14:12:26 2021

--------------------------------------------------------------------------------
||Ax-b||_oo/(eps*(||A||_oo*||x||_oo+||b||_oo)*N)=   7.98250188e-04 ...... PASSED
================================================================================
T/V                N    NB     P     Q               Time                 Gflops
--------------------------------------------------------------------------------
WR00R2C4       21000   128     2     8             379.67             1.6263e+01
HPL_pdgesv() start time Fri Jul 23 14:12:50 2021

HPL_pdgesv() end time   Fri Jul 23 14:19:10 2021

--------------------------------------------------------------------------------
||Ax-b||_oo/(eps*(||A||_oo*||x||_oo+||b||_oo)*N)=   9.76975558e-04 ...... PASSED
================================================================================
T/V                N    NB     P     Q               Time                 Gflops
--------------------------------------------------------------------------------
WR00R2C8       21000   128     2     8             379.50             1.6270e+01
HPL_pdgesv() start time Fri Jul 23 14:19:34 2021

HPL_pdgesv() end time   Fri Jul 23 14:25:53 2021

--------------------------------------------------------------------------------
||Ax-b||_oo/(eps*(||A||_oo*||x||_oo+||b||_oo)*N)=   1.02424037e-03 ...... PASSED
================================================================================
T/V                N    NB     P     Q               Time                 Gflops
--------------------------------------------------------------------------------
WR00R2C4       21000   160     2     8             382.86             1.6128e+01
HPL_pdgesv() start time Fri Jul 23 14:26:17 2021

HPL_pdgesv() end time   Fri Jul 23 14:32:40 2021

--------------------------------------------------------------------------------
||Ax-b||_oo/(eps*(||A||_oo*||x||_oo+||b||_oo)*N)=   9.81380165e-04 ...... PASSED
================================================================================
T/V                N    NB     P     Q               Time                 Gflops
--------------------------------------------------------------------------------
WR00R2C8       21000   160     2     8             373.86             1.6516e+01
HPL_pdgesv() start time Fri Jul 23 14:33:04 2021

HPL_pdgesv() end time   Fri Jul 23 14:39:18 2021

--------------------------------------------------------------------------------
||Ax-b||_oo/(eps*(||A||_oo*||x||_oo+||b||_oo)*N)=   1.12252521e-03 ...... PASSED
================================================================================
T/V                N    NB     P     Q               Time                 Gflops
--------------------------------------------------------------------------------
WR00R2C4       21000   192     2     8             382.33             1.6150e+01
HPL_pdgesv() start time Fri Jul 23 14:39:42 2021

HPL_pdgesv() end time   Fri Jul 23 14:46:04 2021

--------------------------------------------------------------------------------
||Ax-b||_oo/(eps*(||A||_oo*||x||_oo+||b||_oo)*N)=   1.09951396e-03 ...... PASSED
================================================================================
T/V                N    NB     P     Q               Time                 Gflops
--------------------------------------------------------------------------------
WR00R2C8       21000   192     2     8             391.04             1.5791e+01
HPL_pdgesv() start time Fri Jul 23 14:46:28 2021

HPL_pdgesv() end time   Fri Jul 23 14:52:59 2021

--------------------------------------------------------------------------------
||Ax-b||_oo/(eps*(||A||_oo*||x||_oo+||b||_oo)*N)=   1.20855620e-03 ...... PASSED
================================================================================
T/V                N    NB     P     Q               Time                 Gflops
--------------------------------------------------------------------------------
WR00R2C4       21000   224     2     8             383.08             1.6119e+01
HPL_pdgesv() start time Fri Jul 23 14:53:23 2021

HPL_pdgesv() end time   Fri Jul 23 14:59:46 2021

--------------------------------------------------------------------------------
||Ax-b||_oo/(eps*(||A||_oo*||x||_oo+||b||_oo)*N)=   1.23024042e-03 ...... PASSED
================================================================================
T/V                N    NB     P     Q               Time                 Gflops
--------------------------------------------------------------------------------
WR00R2C8       21000   224     2     8             371.92             1.6602e+01
HPL_pdgesv() start time Fri Jul 23 15:00:10 2021

HPL_pdgesv() end time   Fri Jul 23 15:06:22 2021

--------------------------------------------------------------------------------
||Ax-b||_oo/(eps*(||A||_oo*||x||_oo+||b||_oo)*N)=   1.16259019e-03 ...... PASSED
================================================================================
T/V                N    NB     P     Q               Time                 Gflops
--------------------------------------------------------------------------------
WR00R2C4       21000   256     2     8             376.39             1.6405e+01
HPL_pdgesv() start time Fri Jul 23 15:06:46 2021

HPL_pdgesv() end time   Fri Jul 23 15:13:02 2021

--------------------------------------------------------------------------------
||Ax-b||_oo/(eps*(||A||_oo*||x||_oo+||b||_oo)*N)=   1.38581337e-03 ...... PASSED
================================================================================
T/V                N    NB     P     Q               Time                 Gflops
--------------------------------------------------------------------------------
WR00R2C8       21000   256     2     8             382.88             1.6127e+01
HPL_pdgesv() start time Fri Jul 23 15:13:27 2021

HPL_pdgesv() end time   Fri Jul 23 15:19:50 2021

--------------------------------------------------------------------------------
||Ax-b||_oo/(eps*(||A||_oo*||x||_oo+||b||_oo)*N)=   1.30048824e-03 ...... PASSED
================================================================================
T/V                N    NB     P     Q               Time                 Gflops
--------------------------------------------------------------------------------
WR00R2C4       21000   288     2     8             373.72             1.6522e+01
HPL_pdgesv() start time Fri Jul 23 15:20:15 2021

HPL_pdgesv() end time   Fri Jul 23 15:26:29 2021

--------------------------------------------------------------------------------
||Ax-b||_oo/(eps*(||A||_oo*||x||_oo+||b||_oo)*N)=   1.38914506e-03 ...... PASSED
================================================================================
T/V                N    NB     P     Q               Time                 Gflops
--------------------------------------------------------------------------------
WR00R2C8       21000   288     2     8             370.58             1.6662e+01
HPL_pdgesv() start time Fri Jul 23 15:26:55 2021

HPL_pdgesv() end time   Fri Jul 23 15:33:06 2021

--------------------------------------------------------------------------------
||Ax-b||_oo/(eps*(||A||_oo*||x||_oo+||b||_oo)*N)=   1.29201785e-03 ...... PASSED
================================================================================
T/V                N    NB     P     Q               Time                 Gflops
--------------------------------------------------------------------------------
WR00R2C4       21000   320     2     8             375.50             1.6444e+01
HPL_pdgesv() start time Fri Jul 23 15:33:31 2021

HPL_pdgesv() end time   Fri Jul 23 15:39:47 2021

--------------------------------------------------------------------------------
||Ax-b||_oo/(eps*(||A||_oo*||x||_oo+||b||_oo)*N)=   1.37254309e-03 ...... PASSED
================================================================================
T/V                N    NB     P     Q               Time                 Gflops
--------------------------------------------------------------------------------
WR00R2C8       21000   320     2     8             370.99             1.6644e+01
HPL_pdgesv() start time Fri Jul 23 15:40:12 2021

HPL_pdgesv() end time   Fri Jul 23 15:46:23 2021

--------------------------------------------------------------------------------
||Ax-b||_oo/(eps*(||A||_oo*||x||_oo+||b||_oo)*N)=   1.54022871e-03 ...... PASSED
================================================================================

Finished     48 tests with the following results:
             48 tests completed and passed residual checks,
              0 tests completed and failed residual checks,
              0 tests skipped because of illegal input values.
--------------------------------------------------------------------------------

End of Tests.
================================================================================
