================================================================================
HPLinpack 2.3  --  High-Performance Linpack benchmark  --   December 2, 2018
Written by A. Petitet and R. Clint Whaley,  Innovative Computing Laboratory, UTK
Modified by Piotr Luszczek, Innovative Computing Laboratory, UTK
Modified by Julien Langou, University of Colorado Denver
================================================================================

An explanation of the input/output parameters follows:
T/V    : Wall time / encoded variant.
N      : The order of the coefficient matrix A.
NB     : The partitioning blocking factor.
P      : The number of process rows.
Q      : The number of process columns.
Time   : Time in seconds to solve the linear system.
Gflops : Rate of execution for solving the linear system.

The following parameter values will be used:

N      :   10000 
NB     :       8       16       32       64       96      128      160      192 
             224      256      288      320 
PMAP   : Row-major process mapping
P      :       1        2 
Q      :       4        2 
PFACT  :   Crout 
NBMIN  :       4        8 
NDIV   :       2 
RFACT  :   Right 
BCAST  :   1ring 
DEPTH  :       0 
SWAP   : Mix (threshold = 64)
L1     : transposed form
U      : transposed form
EQUIL  : yes
ALIGN  : 8 double precision words

--------------------------------------------------------------------------------

- The matrix A is randomly generated for each test.
- The following scaled residual check will be computed:
      ||Ax-b||_oo / ( eps * ( || x ||_oo * || A ||_oo + || b ||_oo ) * N )
- The relative machine precision (eps) is taken to be               1.110223e-16
- Computational tests pass if scaled residuals are less than                16.0

================================================================================
T/V                N    NB     P     Q               Time                 Gflops
--------------------------------------------------------------------------------
WR00R2C4       10000     8     1     4             276.93             2.4079e+00
HPL_pdgesv() start time Sat Jul 24 12:29:12 2021

HPL_pdgesv() end time   Sat Jul 24 12:33:49 2021

--------------------------------------------------------------------------------
||Ax-b||_oo/(eps*(||A||_oo*||x||_oo+||b||_oo)*N)=   4.09570988e-03 ...... PASSED
================================================================================
T/V                N    NB     P     Q               Time                 Gflops
--------------------------------------------------------------------------------
WR00R2C8       10000     8     1     4             276.92             2.4080e+00
HPL_pdgesv() start time Sat Jul 24 12:34:12 2021

HPL_pdgesv() end time   Sat Jul 24 12:38:49 2021

--------------------------------------------------------------------------------
||Ax-b||_oo/(eps*(||A||_oo*||x||_oo+||b||_oo)*N)=   3.88472326e-03 ...... PASSED
================================================================================
T/V                N    NB     P     Q               Time                 Gflops
--------------------------------------------------------------------------------
WR00R2C4       10000    16     1     4             155.92             4.2767e+00
HPL_pdgesv() start time Sat Jul 24 12:39:12 2021

HPL_pdgesv() end time   Sat Jul 24 12:41:48 2021

--------------------------------------------------------------------------------
||Ax-b||_oo/(eps*(||A||_oo*||x||_oo+||b||_oo)*N)=   1.19723791e-03 ...... PASSED
================================================================================
T/V                N    NB     P     Q               Time                 Gflops
--------------------------------------------------------------------------------
WR00R2C8       10000    16     1     4             155.78             4.2806e+00
HPL_pdgesv() start time Sat Jul 24 12:42:10 2021

HPL_pdgesv() end time   Sat Jul 24 12:44:46 2021

--------------------------------------------------------------------------------
||Ax-b||_oo/(eps*(||A||_oo*||x||_oo+||b||_oo)*N)=   1.28148433e-03 ...... PASSED
================================================================================
T/V                N    NB     P     Q               Time                 Gflops
--------------------------------------------------------------------------------
WR00R2C4       10000    32     1     4             102.75             6.4895e+00
HPL_pdgesv() start time Sat Jul 24 12:45:08 2021

HPL_pdgesv() end time   Sat Jul 24 12:46:51 2021

--------------------------------------------------------------------------------
||Ax-b||_oo/(eps*(||A||_oo*||x||_oo+||b||_oo)*N)=   1.42002150e-03 ...... PASSED
================================================================================
T/V                N    NB     P     Q               Time                 Gflops
--------------------------------------------------------------------------------
WR00R2C8       10000    32     1     4             102.55             6.5025e+00
HPL_pdgesv() start time Sat Jul 24 12:47:12 2021

HPL_pdgesv() end time   Sat Jul 24 12:48:55 2021

--------------------------------------------------------------------------------
||Ax-b||_oo/(eps*(||A||_oo*||x||_oo+||b||_oo)*N)=   1.32743692e-03 ...... PASSED
================================================================================
T/V                N    NB     P     Q               Time                 Gflops
--------------------------------------------------------------------------------
WR00R2C4       10000    64     1     4              88.08             7.5704e+00
HPL_pdgesv() start time Sat Jul 24 12:49:16 2021

HPL_pdgesv() end time   Sat Jul 24 12:50:44 2021

--------------------------------------------------------------------------------
||Ax-b||_oo/(eps*(||A||_oo*||x||_oo+||b||_oo)*N)=   1.16141466e-03 ...... PASSED
================================================================================
T/V                N    NB     P     Q               Time                 Gflops
--------------------------------------------------------------------------------
WR00R2C8       10000    64     1     4              88.03             7.5745e+00
HPL_pdgesv() start time Sat Jul 24 12:51:05 2021

HPL_pdgesv() end time   Sat Jul 24 12:52:33 2021

--------------------------------------------------------------------------------
||Ax-b||_oo/(eps*(||A||_oo*||x||_oo+||b||_oo)*N)=   1.17030871e-03 ...... PASSED
================================================================================
T/V                N    NB     P     Q               Time                 Gflops
--------------------------------------------------------------------------------
WR00R2C4       10000    96     1     4              75.23             8.8639e+00
HPL_pdgesv() start time Sat Jul 24 12:52:55 2021

HPL_pdgesv() end time   Sat Jul 24 12:54:10 2021

--------------------------------------------------------------------------------
||Ax-b||_oo/(eps*(||A||_oo*||x||_oo+||b||_oo)*N)=   1.60982299e-03 ...... PASSED
================================================================================
T/V                N    NB     P     Q               Time                 Gflops
--------------------------------------------------------------------------------
WR00R2C8       10000    96     1     4              75.12             8.8764e+00
HPL_pdgesv() start time Sat Jul 24 12:54:31 2021

HPL_pdgesv() end time   Sat Jul 24 12:55:46 2021

--------------------------------------------------------------------------------
||Ax-b||_oo/(eps*(||A||_oo*||x||_oo+||b||_oo)*N)=   1.63193459e-03 ...... PASSED
================================================================================
T/V                N    NB     P     Q               Time                 Gflops
--------------------------------------------------------------------------------
WR00R2C4       10000   128     1     4              79.11             8.4292e+00
HPL_pdgesv() start time Sat Jul 24 12:56:07 2021

HPL_pdgesv() end time   Sat Jul 24 12:57:26 2021

--------------------------------------------------------------------------------
||Ax-b||_oo/(eps*(||A||_oo*||x||_oo+||b||_oo)*N)=   1.51594136e-03 ...... PASSED
================================================================================
T/V                N    NB     P     Q               Time                 Gflops
--------------------------------------------------------------------------------
WR00R2C8       10000   128     1     4              77.33             8.6226e+00
HPL_pdgesv() start time Sat Jul 24 12:57:48 2021

HPL_pdgesv() end time   Sat Jul 24 12:59:05 2021

--------------------------------------------------------------------------------
||Ax-b||_oo/(eps*(||A||_oo*||x||_oo+||b||_oo)*N)=   1.53953530e-03 ...... PASSED
================================================================================
T/V                N    NB     P     Q               Time                 Gflops
--------------------------------------------------------------------------------
WR00R2C4       10000   160     1     4              77.42             8.6129e+00
HPL_pdgesv() start time Sat Jul 24 12:59:27 2021

HPL_pdgesv() end time   Sat Jul 24 13:00:44 2021

--------------------------------------------------------------------------------
||Ax-b||_oo/(eps*(||A||_oo*||x||_oo+||b||_oo)*N)=   1.75682187e-03 ...... PASSED
================================================================================
T/V                N    NB     P     Q               Time                 Gflops
--------------------------------------------------------------------------------
WR00R2C8       10000   160     1     4              77.37             8.6188e+00
HPL_pdgesv() start time Sat Jul 24 13:01:06 2021

HPL_pdgesv() end time   Sat Jul 24 13:02:23 2021

--------------------------------------------------------------------------------
||Ax-b||_oo/(eps*(||A||_oo*||x||_oo+||b||_oo)*N)=   1.71877510e-03 ...... PASSED
================================================================================
T/V                N    NB     P     Q               Time                 Gflops
--------------------------------------------------------------------------------
WR00R2C4       10000   192     1     4              77.38             8.6173e+00
HPL_pdgesv() start time Sat Jul 24 13:02:44 2021

HPL_pdgesv() end time   Sat Jul 24 13:04:01 2021

--------------------------------------------------------------------------------
||Ax-b||_oo/(eps*(||A||_oo*||x||_oo+||b||_oo)*N)=   1.77263352e-03 ...... PASSED
================================================================================
T/V                N    NB     P     Q               Time                 Gflops
--------------------------------------------------------------------------------
WR00R2C8       10000   192     1     4              77.28             8.6282e+00
HPL_pdgesv() start time Sat Jul 24 13:04:22 2021

HPL_pdgesv() end time   Sat Jul 24 13:05:40 2021

--------------------------------------------------------------------------------
||Ax-b||_oo/(eps*(||A||_oo*||x||_oo+||b||_oo)*N)=   1.66886960e-03 ...... PASSED
================================================================================
T/V                N    NB     P     Q               Time                 Gflops
--------------------------------------------------------------------------------
WR00R2C4       10000   224     1     4              78.12             8.5361e+00
HPL_pdgesv() start time Sat Jul 24 13:06:01 2021

HPL_pdgesv() end time   Sat Jul 24 13:07:19 2021

--------------------------------------------------------------------------------
||Ax-b||_oo/(eps*(||A||_oo*||x||_oo+||b||_oo)*N)=   1.85823874e-03 ...... PASSED
================================================================================
T/V                N    NB     P     Q               Time                 Gflops
--------------------------------------------------------------------------------
WR00R2C8       10000   224     1     4              77.86             8.5644e+00
HPL_pdgesv() start time Sat Jul 24 13:07:41 2021

HPL_pdgesv() end time   Sat Jul 24 13:08:59 2021

--------------------------------------------------------------------------------
||Ax-b||_oo/(eps*(||A||_oo*||x||_oo+||b||_oo)*N)=   1.95693799e-03 ...... PASSED
================================================================================
T/V                N    NB     P     Q               Time                 Gflops
--------------------------------------------------------------------------------
WR00R2C4       10000   256     1     4              78.19             8.5284e+00
HPL_pdgesv() start time Sat Jul 24 13:09:20 2021

HPL_pdgesv() end time   Sat Jul 24 13:10:38 2021

--------------------------------------------------------------------------------
||Ax-b||_oo/(eps*(||A||_oo*||x||_oo+||b||_oo)*N)=   2.30010007e-03 ...... PASSED
================================================================================
T/V                N    NB     P     Q               Time                 Gflops
--------------------------------------------------------------------------------
WR00R2C8       10000   256     1     4              78.11             8.5370e+00
HPL_pdgesv() start time Sat Jul 24 13:11:00 2021

HPL_pdgesv() end time   Sat Jul 24 13:12:18 2021

--------------------------------------------------------------------------------
||Ax-b||_oo/(eps*(||A||_oo*||x||_oo+||b||_oo)*N)=   2.36390253e-03 ...... PASSED
================================================================================
T/V                N    NB     P     Q               Time                 Gflops
--------------------------------------------------------------------------------
WR00R2C4       10000   288     1     4              76.96             8.6646e+00
HPL_pdgesv() start time Sat Jul 24 13:12:39 2021

HPL_pdgesv() end time   Sat Jul 24 13:13:56 2021

--------------------------------------------------------------------------------
||Ax-b||_oo/(eps*(||A||_oo*||x||_oo+||b||_oo)*N)=   2.32826456e-03 ...... PASSED
================================================================================
T/V                N    NB     P     Q               Time                 Gflops
--------------------------------------------------------------------------------
WR00R2C8       10000   288     1     4              76.92             8.6691e+00
HPL_pdgesv() start time Sat Jul 24 13:14:18 2021

HPL_pdgesv() end time   Sat Jul 24 13:15:35 2021

--------------------------------------------------------------------------------
||Ax-b||_oo/(eps*(||A||_oo*||x||_oo+||b||_oo)*N)=   2.09306636e-03 ...... PASSED
================================================================================
T/V                N    NB     P     Q               Time                 Gflops
--------------------------------------------------------------------------------
WR00R2C4       10000   320     1     4              79.05             8.4357e+00
HPL_pdgesv() start time Sat Jul 24 13:15:56 2021

HPL_pdgesv() end time   Sat Jul 24 13:17:15 2021

--------------------------------------------------------------------------------
||Ax-b||_oo/(eps*(||A||_oo*||x||_oo+||b||_oo)*N)=   2.37965241e-03 ...... PASSED
================================================================================
T/V                N    NB     P     Q               Time                 Gflops
--------------------------------------------------------------------------------
WR00R2C8       10000   320     1     4              78.93             8.4479e+00
HPL_pdgesv() start time Sat Jul 24 13:17:36 2021

HPL_pdgesv() end time   Sat Jul 24 13:18:55 2021

--------------------------------------------------------------------------------
||Ax-b||_oo/(eps*(||A||_oo*||x||_oo+||b||_oo)*N)=   2.14074835e-03 ...... PASSED
================================================================================
T/V                N    NB     P     Q               Time                 Gflops
--------------------------------------------------------------------------------
WR00R2C4       10000     8     2     2             262.79             2.5374e+00
HPL_pdgesv() start time Sat Jul 24 13:19:17 2021

HPL_pdgesv() end time   Sat Jul 24 13:23:40 2021

--------------------------------------------------------------------------------
||Ax-b||_oo/(eps*(||A||_oo*||x||_oo+||b||_oo)*N)=   5.36064139e-03 ...... PASSED
================================================================================
T/V                N    NB     P     Q               Time                 Gflops
--------------------------------------------------------------------------------
WR00R2C8       10000     8     2     2             262.46             2.5407e+00
HPL_pdgesv() start time Sat Jul 24 13:24:03 2021

HPL_pdgesv() end time   Sat Jul 24 13:28:26 2021

--------------------------------------------------------------------------------
||Ax-b||_oo/(eps*(||A||_oo*||x||_oo+||b||_oo)*N)=   5.05453785e-03 ...... PASSED
================================================================================
T/V                N    NB     P     Q               Time                 Gflops
--------------------------------------------------------------------------------
WR00R2C4       10000    16     2     2             150.31             4.4362e+00
HPL_pdgesv() start time Sat Jul 24 13:28:49 2021

HPL_pdgesv() end time   Sat Jul 24 13:31:19 2021

--------------------------------------------------------------------------------
||Ax-b||_oo/(eps*(||A||_oo*||x||_oo+||b||_oo)*N)=   1.49518858e-03 ...... PASSED
================================================================================
T/V                N    NB     P     Q               Time                 Gflops
--------------------------------------------------------------------------------
WR00R2C8       10000    16     2     2             150.32             4.4361e+00
HPL_pdgesv() start time Sat Jul 24 13:31:41 2021

HPL_pdgesv() end time   Sat Jul 24 13:34:11 2021

--------------------------------------------------------------------------------
||Ax-b||_oo/(eps*(||A||_oo*||x||_oo+||b||_oo)*N)=   1.59450546e-03 ...... PASSED
================================================================================
T/V                N    NB     P     Q               Time                 Gflops
--------------------------------------------------------------------------------
WR00R2C4       10000    32     2     2             104.18             6.4004e+00
HPL_pdgesv() start time Sat Jul 24 13:34:33 2021

HPL_pdgesv() end time   Sat Jul 24 13:36:17 2021

--------------------------------------------------------------------------------
||Ax-b||_oo/(eps*(||A||_oo*||x||_oo+||b||_oo)*N)=   1.47542402e-03 ...... PASSED
================================================================================
T/V                N    NB     P     Q               Time                 Gflops
--------------------------------------------------------------------------------
WR00R2C8       10000    32     2     2             104.19             6.3999e+00
HPL_pdgesv() start time Sat Jul 24 13:36:39 2021

HPL_pdgesv() end time   Sat Jul 24 13:38:23 2021

--------------------------------------------------------------------------------
||Ax-b||_oo/(eps*(||A||_oo*||x||_oo+||b||_oo)*N)=   1.31668994e-03 ...... PASSED
================================================================================
T/V                N    NB     P     Q               Time                 Gflops
--------------------------------------------------------------------------------
WR00R2C4       10000    64     2     2              89.32             7.4654e+00
HPL_pdgesv() start time Sat Jul 24 13:38:44 2021

HPL_pdgesv() end time   Sat Jul 24 13:40:14 2021

--------------------------------------------------------------------------------
||Ax-b||_oo/(eps*(||A||_oo*||x||_oo+||b||_oo)*N)=   1.12559140e-03 ...... PASSED
================================================================================
T/V                N    NB     P     Q               Time                 Gflops
--------------------------------------------------------------------------------
WR00R2C8       10000    64     2     2              89.30             7.4671e+00
HPL_pdgesv() start time Sat Jul 24 13:40:35 2021

HPL_pdgesv() end time   Sat Jul 24 13:42:04 2021

--------------------------------------------------------------------------------
||Ax-b||_oo/(eps*(||A||_oo*||x||_oo+||b||_oo)*N)=   1.22429065e-03 ...... PASSED
================================================================================
T/V                N    NB     P     Q               Time                 Gflops
--------------------------------------------------------------------------------
WR00R2C4       10000    96     2     2              76.22             8.7490e+00
HPL_pdgesv() start time Sat Jul 24 13:42:26 2021

HPL_pdgesv() end time   Sat Jul 24 13:43:42 2021

--------------------------------------------------------------------------------
||Ax-b||_oo/(eps*(||A||_oo*||x||_oo+||b||_oo)*N)=   1.48160044e-03 ...... PASSED
================================================================================
T/V                N    NB     P     Q               Time                 Gflops
--------------------------------------------------------------------------------
WR00R2C8       10000    96     2     2              76.22             8.7491e+00
HPL_pdgesv() start time Sat Jul 24 13:44:03 2021

HPL_pdgesv() end time   Sat Jul 24 13:45:19 2021

--------------------------------------------------------------------------------
||Ax-b||_oo/(eps*(||A||_oo*||x||_oo+||b||_oo)*N)=   1.31187233e-03 ...... PASSED
================================================================================
T/V                N    NB     P     Q               Time                 Gflops
--------------------------------------------------------------------------------
WR00R2C4       10000   128     2     2              78.21             8.5256e+00
HPL_pdgesv() start time Sat Jul 24 13:45:40 2021

HPL_pdgesv() end time   Sat Jul 24 13:46:58 2021

--------------------------------------------------------------------------------
||Ax-b||_oo/(eps*(||A||_oo*||x||_oo+||b||_oo)*N)=   1.76356961e-03 ...... PASSED
================================================================================
T/V                N    NB     P     Q               Time                 Gflops
--------------------------------------------------------------------------------
WR00R2C8       10000   128     2     2              81.83             8.1486e+00
HPL_pdgesv() start time Sat Jul 24 13:47:19 2021

HPL_pdgesv() end time   Sat Jul 24 13:48:41 2021

--------------------------------------------------------------------------------
||Ax-b||_oo/(eps*(||A||_oo*||x||_oo+||b||_oo)*N)=   1.46270059e-03 ...... PASSED
================================================================================
T/V                N    NB     P     Q               Time                 Gflops
--------------------------------------------------------------------------------
WR00R2C4       10000   160     2     2              75.51             8.8310e+00
HPL_pdgesv() start time Sat Jul 24 13:49:02 2021

HPL_pdgesv() end time   Sat Jul 24 13:50:18 2021

--------------------------------------------------------------------------------
||Ax-b||_oo/(eps*(||A||_oo*||x||_oo+||b||_oo)*N)=   1.74792782e-03 ...... PASSED
================================================================================
T/V                N    NB     P     Q               Time                 Gflops
--------------------------------------------------------------------------------
WR00R2C8       10000   160     2     2              75.70             8.8093e+00
HPL_pdgesv() start time Sat Jul 24 13:50:39 2021

HPL_pdgesv() end time   Sat Jul 24 13:51:55 2021

--------------------------------------------------------------------------------
||Ax-b||_oo/(eps*(||A||_oo*||x||_oo+||b||_oo)*N)=   1.78060110e-03 ...... PASSED
================================================================================
T/V                N    NB     P     Q               Time                 Gflops
--------------------------------------------------------------------------------
WR00R2C4       10000   192     2     2              77.37             8.6187e+00
HPL_pdgesv() start time Sat Jul 24 13:52:16 2021

HPL_pdgesv() end time   Sat Jul 24 13:53:33 2021

--------------------------------------------------------------------------------
||Ax-b||_oo/(eps*(||A||_oo*||x||_oo+||b||_oo)*N)=   1.89344436e-03 ...... PASSED
================================================================================
T/V                N    NB     P     Q               Time                 Gflops
--------------------------------------------------------------------------------
WR00R2C8       10000   192     2     2              77.40             8.6153e+00
HPL_pdgesv() start time Sat Jul 24 13:53:54 2021

HPL_pdgesv() end time   Sat Jul 24 13:55:11 2021

--------------------------------------------------------------------------------
||Ax-b||_oo/(eps*(||A||_oo*||x||_oo+||b||_oo)*N)=   2.04390203e-03 ...... PASSED
================================================================================
T/V                N    NB     P     Q               Time                 Gflops
--------------------------------------------------------------------------------
WR00R2C4       10000   224     2     2              75.46             8.8370e+00
HPL_pdgesv() start time Sat Jul 24 13:55:33 2021

HPL_pdgesv() end time   Sat Jul 24 13:56:48 2021

--------------------------------------------------------------------------------
||Ax-b||_oo/(eps*(||A||_oo*||x||_oo+||b||_oo)*N)=   2.06008426e-03 ...... PASSED
================================================================================
T/V                N    NB     P     Q               Time                 Gflops
--------------------------------------------------------------------------------
WR00R2C8       10000   224     2     2              75.48             8.8342e+00
HPL_pdgesv() start time Sat Jul 24 13:57:09 2021

HPL_pdgesv() end time   Sat Jul 24 13:58:25 2021

--------------------------------------------------------------------------------
||Ax-b||_oo/(eps*(||A||_oo*||x||_oo+||b||_oo)*N)=   2.10097218e-03 ...... PASSED
================================================================================
T/V                N    NB     P     Q               Time                 Gflops
--------------------------------------------------------------------------------
WR00R2C4       10000   256     2     2              80.63             8.2704e+00
HPL_pdgesv() start time Sat Jul 24 13:58:47 2021

HPL_pdgesv() end time   Sat Jul 24 14:00:07 2021

--------------------------------------------------------------------------------
||Ax-b||_oo/(eps*(||A||_oo*||x||_oo+||b||_oo)*N)=   2.06712538e-03 ...... PASSED
================================================================================
T/V                N    NB     P     Q               Time                 Gflops
--------------------------------------------------------------------------------
WR00R2C8       10000   256     2     2              80.79             8.2536e+00
HPL_pdgesv() start time Sat Jul 24 14:00:29 2021

HPL_pdgesv() end time   Sat Jul 24 14:01:50 2021

--------------------------------------------------------------------------------
||Ax-b||_oo/(eps*(||A||_oo*||x||_oo+||b||_oo)*N)=   1.95179612e-03 ...... PASSED
================================================================================
T/V                N    NB     P     Q               Time                 Gflops
--------------------------------------------------------------------------------
WR00R2C4       10000   288     2     2              76.14             8.7582e+00
HPL_pdgesv() start time Sat Jul 24 14:02:12 2021

HPL_pdgesv() end time   Sat Jul 24 14:03:28 2021

--------------------------------------------------------------------------------
||Ax-b||_oo/(eps*(||A||_oo*||x||_oo+||b||_oo)*N)=   2.26736503e-03 ...... PASSED
================================================================================
T/V                N    NB     P     Q               Time                 Gflops
--------------------------------------------------------------------------------
WR00R2C8       10000   288     2     2              76.12             8.7600e+00
HPL_pdgesv() start time Sat Jul 24 14:03:49 2021

HPL_pdgesv() end time   Sat Jul 24 14:05:05 2021

--------------------------------------------------------------------------------
||Ax-b||_oo/(eps*(||A||_oo*||x||_oo+||b||_oo)*N)=   2.08060543e-03 ...... PASSED
================================================================================
T/V                N    NB     P     Q               Time                 Gflops
--------------------------------------------------------------------------------
WR00R2C4       10000   320     2     2              81.04             8.2282e+00
HPL_pdgesv() start time Sat Jul 24 14:05:27 2021

HPL_pdgesv() end time   Sat Jul 24 14:06:48 2021

--------------------------------------------------------------------------------
||Ax-b||_oo/(eps*(||A||_oo*||x||_oo+||b||_oo)*N)=   2.36828779e-03 ...... PASSED
================================================================================
T/V                N    NB     P     Q               Time                 Gflops
--------------------------------------------------------------------------------
WR00R2C8       10000   320     2     2              81.01             8.2310e+00
HPL_pdgesv() start time Sat Jul 24 14:07:10 2021

HPL_pdgesv() end time   Sat Jul 24 14:08:31 2021

--------------------------------------------------------------------------------
||Ax-b||_oo/(eps*(||A||_oo*||x||_oo+||b||_oo)*N)=   2.37693478e-03 ...... PASSED
================================================================================

Finished     48 tests with the following results:
             48 tests completed and passed residual checks,
              0 tests completed and failed residual checks,
              0 tests skipped because of illegal input values.
--------------------------------------------------------------------------------

End of Tests.
================================================================================
